<?xml version="1.0" encoding="UTF-8"?>
<!-- Generated by org.testng.reporters.JUnitXMLReporter -->
<testsuite ignored="0" hostname="DESKTOP-2RSQUL4" failures="1" tests="25" name="Regression" time="192.868" errors="0" timestamp="2022-03-20T01:02:33 GST">
  <testcase classname="Scripts.Admin.TestAdminLogin" name="VerifyInvalidUsernamePassword" time="3.649"/>
  <testcase classname="Scripts.Admin.TestAdminLogin" name="VerifyInvalidUsernameValidPassword" time="1.711"/>
  <testcase classname="Scripts.Admin.TestAdminLogin" name="VerifyValidUsernameInvalidPassword" time="1.745"/>
  <testcase classname="Scripts.Admin.TestAdminLogin" name="VerifyBlankUsernamePassword" time="0.839"/>
  <testcase classname="Scripts.Admin.TestAdminLogin" name="VerifyLoginAsAdmin" time="1.931"/>
  <testcase classname="Scripts.Admin.TestAdminLogin" name="VerifyTotalElementsLoginPage" time="0.076">
    <failure type="java.lang.AssertionError" message="expected [2] but found [3]">
      <![CDATA[java.lang.AssertionError: expected [2] but found [3]
at Scripts.Admin.TestAdminLogin.VerifyTotalElementsLoginPage(TestAdminLogin.java:181)
at java.base/java.util.ArrayList.forEach(ArrayList.java:1511)
... Removed 33 stack frames]]>
    </failure>
  </testcase> <!-- VerifyTotalElementsLoginPage -->
  <testcase classname="Scripts.Admin.TestAdminAddNewPost" name="VerifyAddnewPostWithBlanKdATA" time="3.883"/>
  <testcase classname="Scripts.Admin.TestAdminAddNewPost" name="VerifyAddnewPost" time="2.502"/>
  <testcase classname="Scripts.Admin.TestAdminAddNewPost" name="VerifyEditNewPostInHomepageInvalidData" time="4.533"/>
  <testcase classname="Scripts.Admin.TestAdminAddNewPost" name="VerifyEditNewPostInHomepage" time="8.609"/>
  <testcase classname="Scripts.Admin.TestAdminAddNewPost" name="VerifyDeletePostInHomepage" time="3.351"/>
  <testcase classname="Scripts.Admin.TestAdminAddNewPost" name="VerifyTotalElements" time="0.134"/>
  <testcase classname="Scripts.Admin.TestAdminAllPostPage" name="VerifyEditNewPostInAllPostpageINVALIDATA" time="5.226"/>
  <testcase classname="Scripts.Admin.TestAdminAllPostPage" name="VerifyEditNewPostInAllPostpage" time="2.976"/>
  <testcase classname="Scripts.Admin.TestAdminAllPostPage" name="VerifyDeletePostInAllPostpage" time="3.378"/>
  <testcase classname="Scripts.Admin.TestAdminMyPostPage" name="VerifyEditNewPostInMyPostpage" time="4.877"/>
  <testcase classname="Scripts.Admin.TestAdminMyPostPage" name="VerifyEditNewPostInMyPostpageINVALIDATA" time="5.781"/>
  <testcase classname="Scripts.Admin.TestAdminMyPostPage" name="VerifyDeletePostInMyPostpage" time="1.106"/>
  <testcase classname="Scripts.Admin.TestPostApprovalAndReject" name="VerifyLoginAsUser" time="2.226"/>
  <testcase classname="Scripts.Admin.TestPostApprovalAndReject" name="VerifyPostApproval" time="14.09"/>
  <testcase classname="Scripts.Admin.TestPostApprovalAndReject" name="VerifyPostReject" time="5.923"/>
  <testcase classname="Scripts.Admin.AddRemoveCategory" name="AddCategoryValidData" time="11.868"/>
  <testcase classname="Scripts.Admin.AddRemoveCategory" name="AddCategoryInVaildData" time="3.094"/>
  <testcase classname="Scripts.Admin.AddRemoveCategory" name="AddCategoryAlreadyExists" time="1.26"/>
  <testcase classname="Scripts.Admin.AddRemoveCategory" name="RemoveCategory" time="0.326"/>
</testsuite> <!-- Regression -->
